Using pre-set license
Built from '2020.3/staging' branch; Version is '2020.3.29f1 (2ff179115da0) revision 3142009'; Using compiler version '192528614'; Build Type 'Release'
OS: 'Windows 10  (10.0.19044) 64bit Enterprise' Language: 'en' Physical Memory: 7939 MB
BatchMode: 1, IsHumanControllingUs: 0, StartBugReporterOnCrash: 0, Is64bit: 1, IsPro: 0

COMMAND LINE ARGUMENTS:
C:\Program Files\Unity 2020.3.29f1\Editor\Unity.exe
-adb2
-batchMode
-noUpm
-name
AssetImportWorker0
-projectPath
C:/Unity/asigment/Unit14 Assigment
-logFile
Logs/AssetImportWorker0.log
-srvPort
64253
Successfully changed project path to: C:/Unity/asigment/Unit14 Assigment
C:/Unity/asigment/Unit14 Assigment
Using Asset Import Pipeline V2.
Refreshing native plugins compatible for Editor in 103.78 ms, found 2 plugins.
Preloading 0 native plugins for Editor in 0.00 ms.
Initialize engine version: 2020.3.29f1 (2ff179115da0)
[Subsystems] Discovering subsystems at path C:/Program Files/Unity 2020.3.29f1/Editor/Data/Resources/UnitySubsystems
[Subsystems] Discovering subsystems at path C:/Unity/asigment/Unit14 Assigment/Assets
GfxDevice: creating device client; threaded=0
Direct3D:
    Version:  Direct3D 11.0 [level 11.1]
    Renderer: Intel(R) UHD Graphics 630 (ID=0x9bc8)
    Vendor:   
    VRAM:     3969 MB
    Driver:   27.20.100.9510
Initialize mono
Mono path[0] = 'C:/Program Files/Unity 2020.3.29f1/Editor/Data/Managed'
Mono path[1] = 'C:/Program Files/Unity 2020.3.29f1/Editor/Data/MonoBleedingEdge/lib/mono/unityjit'
Mono config path = 'C:/Program Files/Unity 2020.3.29f1/Editor/Data/MonoBleedingEdge/etc'
Using monoOptions --debugger-agent=transport=dt_socket,embedding=1,server=y,suspend=n,address=127.0.0.1:56548
Begin MonoManager ReloadAssembly
Registering precompiled unity dll's ...
Register platform support module: C:/Program Files/Unity 2020.3.29f1/Editor/Data/PlaybackEngines/WebGLSupport/UnityEditor.WebGL.Extensions.dll
Register platform support module: C:/Program Files/Unity 2020.3.29f1/Editor/Data/PlaybackEngines/WindowsStandaloneSupport/UnityEditor.WindowsStandalone.Extensions.dll
Registered in 0.001659 seconds.
Native extension for WindowsStandalone target not found
Native extension for WebGL target not found
Refreshing native plugins compatible for Editor in 75.93 ms, found 2 plugins.
Preloading 0 native plugins for Editor in 0.00 ms.
Mono: successfully reloaded assembly
- Completed reload, in  0.648 seconds
Domain Reload Profiling:
	ReloadAssembly (648ms)
		BeginReloadAssembly (65ms)
			ExecutionOrderSort (0ms)
			DisableScriptedObjects (0ms)
			BackupInstance (0ms)
			ReleaseScriptingObjects (0ms)
			CreateAndSetChildDomain (1ms)
		EndReloadAssembly (511ms)
			LoadAssemblies (64ms)
			RebuildTransferFunctionScriptingTraits (0ms)
			SetupTypeCache (158ms)
			ReleaseScriptCaches (0ms)
			RebuildScriptCaches (33ms)
			SetupLoadedEditorAssemblies (212ms)
				LogAssemblyErrors (0ms)
				InitializePlatformSupportModulesInManaged (5ms)
				SetLoadedEditorAssemblies (0ms)
				RefreshPlugins (76ms)
				BeforeProcessingInitializeOnLoad (11ms)
				ProcessInitializeOnLoadAttributes (90ms)
				ProcessInitializeOnLoadMethodAttributes (30ms)
				AfterProcessingInitializeOnLoad (0ms)
				EditorAssembliesLoaded (0ms)
			ExecutionOrderSort2 (0ms)
			AwakeInstancesAfterBackupRestoration (0ms)
Platform modules already initialized, skipping
Registering precompiled user dll's ...
Registered in 0.002593 seconds.
Begin MonoManager ReloadAssembly
Native extension for WindowsStandalone target not found
Native extension for WebGL target not found
Refreshing native plugins compatible for Editor in 0.81 ms, found 2 plugins.
Preloading 0 native plugins for Editor in 0.00 ms.
Mono: successfully reloaded assembly
- Completed reload, in  1.003 seconds
Domain Reload Profiling:
	ReloadAssembly (1005ms)
		BeginReloadAssembly (158ms)
			ExecutionOrderSort (0ms)
			DisableScriptedObjects (5ms)
			BackupInstance (0ms)
			ReleaseScriptingObjects (0ms)
			CreateAndSetChildDomain (22ms)
		EndReloadAssembly (788ms)
			LoadAssemblies (97ms)
			RebuildTransferFunctionScriptingTraits (0ms)
			SetupTypeCache (280ms)
			ReleaseScriptCaches (0ms)
			RebuildScriptCaches (41ms)
			SetupLoadedEditorAssemblies (283ms)
				LogAssemblyErrors (0ms)
				InitializePlatformSupportModulesInManaged (5ms)
				SetLoadedEditorAssemblies (0ms)
				RefreshPlugins (1ms)
				BeforeProcessingInitializeOnLoad (51ms)
				ProcessInitializeOnLoadAttributes (212ms)
				ProcessInitializeOnLoadMethodAttributes (8ms)
				AfterProcessingInitializeOnLoad (4ms)
				EditorAssembliesLoaded (0ms)
			ExecutionOrderSort2 (0ms)
			AwakeInstancesAfterBackupRestoration (6ms)
Platform modules already initialized, skipping
========================================================================
Worker process is ready to serve import requests
Launched and connected shader compiler UnityShaderCompiler.exe after 0.04 seconds
Refreshing native plugins compatible for Editor in 0.88 ms, found 2 plugins.
Preloading 0 native plugins for Editor in 0.00 ms.
Unloading 1569 Unused Serialized files (Serialized files now loaded: 0)
System memory in use before: 88.9 MB.
System memory in use after: 89.0 MB.

Unloading 16 unused Assets to reduce memory usage. Loaded Objects now: 2024.
Total: 2.566800 ms (FindLiveObjects: 0.131400 ms CreateObjectMapping: 0.048500 ms MarkObjects: 2.284600 ms  DeleteObjects: 0.101700 ms)

AssetImportParameters requested are different than current active one (requested -> active):
  custom:framework-win-MediaFoundation: 216162199b28c13a410421893ffa2e32 -> 
  custom:video-decoder-ogg-theora: a1e56fd34408186e4bbccfd4996cb3dc -> 
  custom:container-muxer-webm: aa71ff27fc2769a1b78a27578f13a17b -> 
  custom:container-demuxer-webm: 4f35f7cbe854078d1ac9338744f61a02 -> 
  custom:container-demuxer-ogg: 62fdf1f143b41e24485cea50d1cbac27 -> 
  custom:video-encoder-webm-vp8: eb34c28f22e8b96e1ab97ce403110664 -> 
  custom:video-decoder-webm-vp8: 9c59270c3fd7afecdb556c50c9e8de78 -> 
  custom:audio-decoder-ogg-vorbis: bf7c407c2cedff20999df2af8eb42d56 -> 
  custom:audio-encoder-webm-vorbis: bf7c407c2cedff20999df2af8eb42d56 -> 
========================================================================
Received Import Request.
  path: Assets/EnemyAiTutorial.cs
  artifactKey: Guid(6c67a946d00d0fc44ad4e694f25cca61) Importer(815301076,1909f56bfc062723c751e8b465ee728b)
Start importing Assets/EnemyAiTutorial.cs using Guid(6c67a946d00d0fc44ad4e694f25cca61) Importer(815301076,1909f56bfc062723c751e8b465ee728b)  -> (artifact id: 'd88b29657a369bdffb070bf283d8f504') in 0.018369 seconds 
  Import took 0.022544 seconds .

========================================================================
Received Prepare
Registering precompiled user dll's ...
Registered in 0.003381 seconds.
Begin MonoManager ReloadAssembly
Native extension for WindowsStandalone target not found
Native extension for WebGL target not found
Refreshing native plugins compatible for Editor in 0.91 ms, found 2 plugins.
Preloading 0 native plugins for Editor in 0.00 ms.
Mono: successfully reloaded assembly
- Completed reload, in  0.989 seconds
Domain Reload Profiling:
	ReloadAssembly (990ms)
		BeginReloadAssembly (115ms)
			ExecutionOrderSort (0ms)
			DisableScriptedObjects (5ms)
			BackupInstance (0ms)
			ReleaseScriptingObjects (0ms)
			CreateAndSetChildDomain (32ms)
		EndReloadAssembly (814ms)
			LoadAssemblies (94ms)
			RebuildTransferFunctionScriptingTraits (0ms)
			SetupTypeCache (272ms)
			ReleaseScriptCaches (1ms)
			RebuildScriptCaches (38ms)
			SetupLoadedEditorAssemblies (322ms)
				LogAssemblyErrors (0ms)
				InitializePlatformSupportModulesInManaged (6ms)
				SetLoadedEditorAssemblies (1ms)
				RefreshPlugins (1ms)
				BeforeProcessingInitializeOnLoad (66ms)
				ProcessInitializeOnLoadAttributes (234ms)
				ProcessInitializeOnLoadMethodAttributes (10ms)
				AfterProcessingInitializeOnLoad (4ms)
				EditorAssembliesLoaded (0ms)
			ExecutionOrderSort2 (0ms)
			AwakeInstancesAfterBackupRestoration (6ms)
Platform modules already initialized, skipping
Refreshing native plugins compatible for Editor in 0.79 ms, found 2 plugins.
Preloading 0 native plugins for Editor in 0.00 ms.
Unloading 1546 Unused Serialized files (Serialized files now loaded: 0)
System memory in use before: 87.0 MB.
System memory in use after: 87.1 MB.

Unloading 11 unused Assets to reduce memory usage. Loaded Objects now: 2026.
Total: 3.799000 ms (FindLiveObjects: 0.204200 ms CreateObjectMapping: 0.053300 ms MarkObjects: 3.498100 ms  DeleteObjects: 0.041800 ms)

AssetImportParameters requested are different than current active one (requested -> active):
  custom:framework-win-MediaFoundation: 216162199b28c13a410421893ffa2e32 -> 
  custom:video-decoder-ogg-theora: a1e56fd34408186e4bbccfd4996cb3dc -> 
  custom:container-muxer-webm: aa71ff27fc2769a1b78a27578f13a17b -> 
  custom:container-demuxer-webm: 4f35f7cbe854078d1ac9338744f61a02 -> 
  custom:container-demuxer-ogg: 62fdf1f143b41e24485cea50d1cbac27 -> 
  custom:video-encoder-webm-vp8: eb34c28f22e8b96e1ab97ce403110664 -> 
  custom:video-decoder-webm-vp8: 9c59270c3fd7afecdb556c50c9e8de78 -> 
  custom:audio-decoder-ogg-vorbis: bf7c407c2cedff20999df2af8eb42d56 -> 
  custom:audio-encoder-webm-vorbis: bf7c407c2cedff20999df2af8eb42d56 -> 
========================================================================
Received Import Request.
  Time since last request: 284.448014 seconds.
  path: Assets/Environment/Water/Water4/Textures/SimpleFoam.png
  artifactKey: Guid(36dd0b22da8874ed38075789055ca664) Importer(815301076,1909f56bfc062723c751e8b465ee728b)
Start importing Assets/Environment/Water/Water4/Textures/SimpleFoam.png using Guid(36dd0b22da8874ed38075789055ca664) Importer(815301076,1909f56bfc062723c751e8b465ee728b)  -> (artifact id: '69a2c678eee34dca8947061bbfe4a29e') in 0.121361 seconds 
  Import took 0.127005 seconds .

========================================================================
Received Import Request.
  Time since last request: 0.000201 seconds.
  path: Assets/SimplePeople/Textures/SimplePeople_HouseWife_Black.png
  artifactKey: Guid(ae5848b0c9fff6c4a87e3bbe87b1e119) Importer(815301076,1909f56bfc062723c751e8b465ee728b)
Start importing Assets/SimplePeople/Textures/SimplePeople_HouseWife_Black.png using Guid(ae5848b0c9fff6c4a87e3bbe87b1e119) Importer(815301076,1909f56bfc062723c751e8b465ee728b)  -> (artifact id: '9c436ac68d0dc7edd0b092f2d214d0c1') in 0.021439 seconds 
  Import took 0.027093 seconds .

========================================================================
Received Import Request.
  Time since last request: 0.000276 seconds.
  path: Assets/SimplePeople/Textures/SimplePeople_BeachBabe_Black.png
  artifactKey: Guid(3b5da37f4a0c7dc4cb0d29868a1bdaa3) Importer(815301076,1909f56bfc062723c751e8b465ee728b)
Start importing Assets/SimplePeople/Textures/SimplePeople_BeachBabe_Black.png using Guid(3b5da37f4a0c7dc4cb0d29868a1bdaa3) Importer(815301076,1909f56bfc062723c751e8b465ee728b)  -> (artifact id: '6ec215596b51eb0f3372e44f8897c730') in 0.016809 seconds 
  Import took 0.023747 seconds .

========================================================================
Received Import Request.
  Time since last request: 0.001025 seconds.
  path: Assets/SimplePeople/Textures/SimplePeople_HouseWife_White.png
  artifactKey: Guid(653bf99aa73b8fc4c804114eb97296e8) Importer(815301076,1909f56bfc062723c751e8b465ee728b)
Start importing Assets/SimplePeople/Textures/SimplePeople_HouseWife_White.png using Guid(653bf99aa73b8fc4c804114eb97296e8) Importer(815301076,1909f56bfc062723c751e8b465ee728b)  -> (artifact id: '8512b255c14aac5c0e7b44d52b1f0956') in 0.065479 seconds 
  Import took 0.073470 seconds .

========================================================================
Received Import Request.
  Time since last request: 0.000424 seconds.
  path: Assets/SimplePeople/Textures/SimplePeople_Doctor_White.png
  artifactKey: Guid(fe1471620c6980246afa8143d135e9fc) Importer(815301076,1909f56bfc062723c751e8b465ee728b)
Start importing Assets/SimplePeople/Textures/SimplePeople_Doctor_White.png using Guid(fe1471620c6980246afa8143d135e9fc) Importer(815301076,1909f56bfc062723c751e8b465ee728b)  -> (artifact id: 'f1ef820de9fcec2086bd75963ea442d2') in 0.023040 seconds 
  Import took 0.032020 seconds .

========================================================================
Received Import Request.
  Time since last request: 0.002511 seconds.
  path: Assets/SimplePeople/Textures/SimplePeople_BusinessMan_Brown.png
  artifactKey: Guid(5d6795382a9cf8e45a68ba4346c66efd) Importer(815301076,1909f56bfc062723c751e8b465ee728b)
Start importing Assets/SimplePeople/Textures/SimplePeople_BusinessMan_Brown.png using Guid(5d6795382a9cf8e45a68ba4346c66efd) Importer(815301076,1909f56bfc062723c751e8b465ee728b)  -> (artifact id: '84f5e6061a69fa10dcd36f125e73091a') in 0.036133 seconds 
  Import took 0.047720 seconds .

========================================================================
Received Import Request.
  Time since last request: 0.000301 seconds.
  path: Assets/SimplePeople/Textures/SimplePeople_FireFighter_Black.png
  artifactKey: Guid(1dd55d24cdc80804ab58a368af8f948a) Importer(815301076,1909f56bfc062723c751e8b465ee728b)
Start importing Assets/SimplePeople/Textures/SimplePeople_FireFighter_Black.png using Guid(1dd55d24cdc80804ab58a368af8f948a) Importer(815301076,1909f56bfc062723c751e8b465ee728b)  -> (artifact id: 'dd1cb21f25307ee9a673d076599f617a') in 0.037994 seconds 
  Import took 0.044770 seconds .

========================================================================
Received Import Request.
  Time since last request: 0.000643 seconds.
  path: Assets/SimplePeople/Textures/SimplePeople_Hobo_White.png
  artifactKey: Guid(aae008583869b5e4cbfeb60ffb1bbb06) Importer(815301076,1909f56bfc062723c751e8b465ee728b)
Start importing Assets/SimplePeople/Textures/SimplePeople_Hobo_White.png using Guid(aae008583869b5e4cbfeb60ffb1bbb06) Importer(815301076,1909f56bfc062723c751e8b465ee728b)  -> (artifact id: '6cbb0a6fd1967c7ca68c4b0a7ab06ef0') in 0.024173 seconds 
  Import took 0.033434 seconds .

========================================================================
Received Import Request.
  Time since last request: 0.000283 seconds.
  path: Assets/SimplePeople/Textures/SimplePeople_Hobo_Black.png
  artifactKey: Guid(42087df9921804c40a4d57603a90423f) Importer(815301076,1909f56bfc062723c751e8b465ee728b)
Start importing Assets/SimplePeople/Textures/SimplePeople_Hobo_Black.png using Guid(42087df9921804c40a4d57603a90423f) Importer(815301076,1909f56bfc062723c751e8b465ee728b)  -> (artifact id: 'ce3f186bfc5142c0c1a7fe1e636e2322') in 0.027679 seconds 
  Import took 0.036258 seconds .

========================================================================
Received Import Request.
  Time since last request: 0.000360 seconds.
  path: Assets/SimplePeople/Textures/SimplePeople_BeachBabe_White.png
  artifactKey: Guid(d7e48aae8277dc14db4fa367e49611a5) Importer(815301076,1909f56bfc062723c751e8b465ee728b)
Start importing Assets/SimplePeople/Textures/SimplePeople_BeachBabe_White.png using Guid(d7e48aae8277dc14db4fa367e49611a5) Importer(815301076,1909f56bfc062723c751e8b465ee728b)  -> (artifact id: 'cbe7a924ec2837c7cbfa7e3c66cebb6d') in 0.027324 seconds 
  Import took 0.036102 seconds .

========================================================================
Received Import Request.
  Time since last request: 0.000417 seconds.
  path: Assets/SimplePeople/Textures/SimplePeople_BusinessMan_Black.png
  artifactKey: Guid(9506c885cd9fa144e9142a03fbd99dd6) Importer(815301076,1909f56bfc062723c751e8b465ee728b)
Start importing Assets/SimplePeople/Textures/SimplePeople_BusinessMan_Black.png using Guid(9506c885cd9fa144e9142a03fbd99dd6) Importer(815301076,1909f56bfc062723c751e8b465ee728b)  -> (artifact id: '401811646d63de8f0eb8697bc90af5dd') in 0.017366 seconds 
  Import took 0.026658 seconds .

========================================================================
Received Import Request.
  Time since last request: 0.000555 seconds.
  path: Assets/SimplePeople/Textures/SimplePeople_BusinessMan_White.png
  artifactKey: Guid(12e281a5b44dcce4393d675312775b10) Importer(815301076,1909f56bfc062723c751e8b465ee728b)
Start importing Assets/SimplePeople/Textures/SimplePeople_BusinessMan_White.png using Guid(12e281a5b44dcce4393d675312775b10) Importer(815301076,1909f56bfc062723c751e8b465ee728b)  -> (artifact id: '530dc96179c5e6fd5c6301013070e986') in 0.041466 seconds 
  Import took 0.054712 seconds .

========================================================================
Received Import Request.
  Time since last request: 0.000397 seconds.
  path: Assets/SimplePeople/Textures/SimplePeople_BeachBabe_Brown.png
  artifactKey: Guid(aa86d3318ad6db44aaf8dfab18732408) Importer(815301076,1909f56bfc062723c751e8b465ee728b)
Start importing Assets/SimplePeople/Textures/SimplePeople_BeachBabe_Brown.png using Guid(aa86d3318ad6db44aaf8dfab18732408) Importer(815301076,1909f56bfc062723c751e8b465ee728b)  -> (artifact id: 'b1f8e19825838f0b9b092b23a39a13d5') in 0.017769 seconds 
  Import took 0.025677 seconds .

========================================================================
Received Import Request.
  Time since last request: 0.001081 seconds.
  path: Assets/SimplePeople/Textures/SimplePeople_Doctor_Black.png
  artifactKey: Guid(002f8de457afeef49b3d5456f61586ed) Importer(815301076,1909f56bfc062723c751e8b465ee728b)
Start importing Assets/SimplePeople/Textures/SimplePeople_Doctor_Black.png using Guid(002f8de457afeef49b3d5456f61586ed) Importer(815301076,1909f56bfc062723c751e8b465ee728b)  -> (artifact id: '3317c72e6ad7f2aeb38a7ebd21cb7f15') in 0.041760 seconds 
  Import took 0.058753 seconds .

========================================================================
Received Import Request.
  Time since last request: 0.000493 seconds.
  path: Assets/SimplePeople/Textures/SimplePeople_FireFighter_Brown.png
  artifactKey: Guid(942049c2a00aa9f4fb72263681e65d59) Importer(815301076,1909f56bfc062723c751e8b465ee728b)
Start importing Assets/SimplePeople/Textures/SimplePeople_FireFighter_Brown.png using Guid(942049c2a00aa9f4fb72263681e65d59) Importer(815301076,1909f56bfc062723c751e8b465ee728b)  -> (artifact id: '69614905f406e48c85070737260b6583') in 0.041435 seconds 
  Import took 0.049584 seconds .

========================================================================
Received Import Request.
  Time since last request: 0.000941 seconds.
  path: Assets/SimplePeople/Textures/SimplePeople_Pimp_Black.png
  artifactKey: Guid(56fb492cd1e02de42afa6d4d27217fbb) Importer(815301076,1909f56bfc062723c751e8b465ee728b)
Start importing Assets/SimplePeople/Textures/SimplePeople_Pimp_Black.png using Guid(56fb492cd1e02de42afa6d4d27217fbb) Importer(815301076,1909f56bfc062723c751e8b465ee728b)  -> (artifact id: '2ddb3208091de1571fa04bd28cbb9231') in 0.023853 seconds 
  Import took 0.032395 seconds .

========================================================================
Received Import Request.
  Time since last request: 0.000516 seconds.
  path: Assets/SimplePeople/Textures/SimplePeople_Doctor_Brown.png
  artifactKey: Guid(9aac84faf67d0ca4b9d6efbd4d27a849) Importer(815301076,1909f56bfc062723c751e8b465ee728b)
Start importing Assets/SimplePeople/Textures/SimplePeople_Doctor_Brown.png using Guid(9aac84faf67d0ca4b9d6efbd4d27a849) Importer(815301076,1909f56bfc062723c751e8b465ee728b)  -> (artifact id: 'b219476ca7409af2f0bb2e6918c46d27') in 0.022699 seconds 
  Import took 0.039162 seconds .

========================================================================
Received Import Request.
  Time since last request: 0.000421 seconds.
  path: Assets/SimplePeople/Textures/SimplePeople_HouseWife_Brown.png
  artifactKey: Guid(b40275627efde744b980f72921706196) Importer(815301076,1909f56bfc062723c751e8b465ee728b)
Start importing Assets/SimplePeople/Textures/SimplePeople_HouseWife_Brown.png using Guid(b40275627efde744b980f72921706196) Importer(815301076,1909f56bfc062723c751e8b465ee728b)  -> (artifact id: '0f22a916dee9d63a5f390a0e7fef0ccf') in 0.021255 seconds 
  Import took 0.032317 seconds .

========================================================================
Received Import Request.
  Time since last request: 0.000788 seconds.
  path: Assets/SimplePeople/Textures/SimplePeople_Hobo_Brown.png
  artifactKey: Guid(6afa063c876df5049ab25c4580268d58) Importer(815301076,1909f56bfc062723c751e8b465ee728b)
Start importing Assets/SimplePeople/Textures/SimplePeople_Hobo_Brown.png using Guid(6afa063c876df5049ab25c4580268d58) Importer(815301076,1909f56bfc062723c751e8b465ee728b)  -> (artifact id: 'acfb7f9292e8fc040a0ec4b7553c0dd6') in 0.038212 seconds 
  Import took 0.046168 seconds .

========================================================================
Received Import Request.
  Time since last request: 0.000665 seconds.
  path: Assets/SimplePeople/Textures/SimplePeople_FireFighter_White.png
  artifactKey: Guid(aa906dd0e1eb4b54d9b1054f3c9a3ee3) Importer(815301076,1909f56bfc062723c751e8b465ee728b)
Start importing Assets/SimplePeople/Textures/SimplePeople_FireFighter_White.png using Guid(aa906dd0e1eb4b54d9b1054f3c9a3ee3) Importer(815301076,1909f56bfc062723c751e8b465ee728b)  -> (artifact id: '6291f1d2471cfaec8d366b26b2a3927e') in 0.023249 seconds 
  Import took 0.034520 seconds .

========================================================================
Received Prepare
Registering precompiled user dll's ...
Registered in 0.002744 seconds.
Begin MonoManager ReloadAssembly
Native extension for WindowsStandalone target not found
Native extension for WebGL target not found
Refreshing native plugins compatible for Editor in 0.93 ms, found 2 plugins.
Preloading 0 native plugins for Editor in 0.00 ms.
Mono: successfully reloaded assembly
- Completed reload, in  0.909 seconds
Domain Reload Profiling:
	ReloadAssembly (910ms)
		BeginReloadAssembly (106ms)
			ExecutionOrderSort (0ms)
			DisableScriptedObjects (4ms)
			BackupInstance (0ms)
			ReleaseScriptingObjects (0ms)
			CreateAndSetChildDomain (31ms)
		EndReloadAssembly (748ms)
			LoadAssemblies (92ms)
			RebuildTransferFunctionScriptingTraits (0ms)
			SetupTypeCache (264ms)
			ReleaseScriptCaches (1ms)
			RebuildScriptCaches (37ms)
			SetupLoadedEditorAssemblies (263ms)
				LogAssemblyErrors (0ms)
				InitializePlatformSupportModulesInManaged (5ms)
				SetLoadedEditorAssemblies (0ms)
				RefreshPlugins (1ms)
				BeforeProcessingInitializeOnLoad (47ms)
				ProcessInitializeOnLoadAttributes (197ms)
				ProcessInitializeOnLoadMethodAttributes (8ms)
				AfterProcessingInitializeOnLoad (4ms)
				EditorAssembliesLoaded (0ms)
			ExecutionOrderSort2 (0ms)
			AwakeInstancesAfterBackupRestoration (6ms)
Platform modules already initialized, skipping
Refreshing native plugins compatible for Editor in 0.82 ms, found 2 plugins.
Preloading 0 native plugins for Editor in 0.00 ms.
Unloading 1546 Unused Serialized files (Serialized files now loaded: 0)
System memory in use before: 87.1 MB.
System memory in use after: 87.2 MB.

Unloading 11 unused Assets to reduce memory usage. Loaded Objects now: 2030.
Total: 3.023400 ms (FindLiveObjects: 0.165900 ms CreateObjectMapping: 0.054900 ms MarkObjects: 2.782100 ms  DeleteObjects: 0.019600 ms)

AssetImportParameters requested are different than current active one (requested -> active):
  custom:framework-win-MediaFoundation: 216162199b28c13a410421893ffa2e32 -> 
  custom:video-decoder-ogg-theora: a1e56fd34408186e4bbccfd4996cb3dc -> 
  custom:container-muxer-webm: aa71ff27fc2769a1b78a27578f13a17b -> 
  custom:container-demuxer-webm: 4f35f7cbe854078d1ac9338744f61a02 -> 
  custom:container-demuxer-ogg: 62fdf1f143b41e24485cea50d1cbac27 -> 
  custom:video-encoder-webm-vp8: eb34c28f22e8b96e1ab97ce403110664 -> 
  custom:video-decoder-webm-vp8: 9c59270c3fd7afecdb556c50c9e8de78 -> 
  custom:audio-decoder-ogg-vorbis: bf7c407c2cedff20999df2af8eb42d56 -> 
  custom:audio-encoder-webm-vorbis: bf7c407c2cedff20999df2af8eb42d56 -> 
========================================================================
Received Import Request.
  Time since last request: 151.541733 seconds.
  path: Assets/AgentCharacterController (guard) 1.prefab
  artifactKey: Guid(4d812422b07ce7444a77db533d5dd994) Importer(815301076,1909f56bfc062723c751e8b465ee728b)
Start importing Assets/AgentCharacterController (guard) 1.prefab using Guid(4d812422b07ce7444a77db533d5dd994) Importer(815301076,1909f56bfc062723c751e8b465ee728b)  -> (artifact id: '81a8120f949e1f0f5a002923e6b97b68') in 0.312275 seconds 
  Import took 0.326385 seconds .

AssetImportWorkerClient::OnTransportError - code=2 error=End of file
